
*** Running vivado
    with args -log design_1_axis_switch_0_0.vds -m64 -product Vivado -mode batch -messageDb vivado.pb -notrace -source design_1_axis_switch_0_0.tcl



****** Vivado v2024.2 (64-bit)
  **** SW Build 5239630 on Fri Nov 08 22:35:27 MST 2024
  **** IP Build 5239520 on Sun Nov 10 16:12:51 MST 2024
  **** SharedData Build 5239561 on Fri Nov 08 14:39:27 MST 2024
  **** Start of session at: Wed Jun 10 15:57:08 2026
    ** Copyright 1986-2022 Xilinx, Inc. All Rights Reserved.
    ** Copyright 2022-2024 Advanced Micro Devices, Inc. All Rights Reserved.

source design_1_axis_switch_0_0.tcl -notrace
create_project: Time (s): cpu = 00:00:19 ; elapsed = 00:00:22 . Memory (MB): peak = 793.914 ; gain = 454.957
INFO: [IP_Flow 19-234] Refreshing IP repositories
INFO: [IP_Flow 19-1700] Loaded user IP repository 'd:/Nilesh_3/HLS/SHA_256_HLS_Component/test/hls/impl/ip'.
INFO: [IP_Flow 19-2313] Loaded Vivado IP repository 'D:/version_2024.2/Vivado/2024.2/data/ip'.
INFO: [IP_Flow 19-6924] IPCACHE: Running cache check for IP inst: design_1_axis_switch_0_0
Command: synth_design -top design_1_axis_switch_0_0 -part xczu3eg-sbva484-1-i -incremental_mode off -mode out_of_context
Starting synth_design
Attempting to get a license for feature 'Synthesis' and/or device 'xczu3eg'
INFO: [Common 17-349] Got license for feature 'Synthesis' and/or device 'xczu3eg'
INFO: [Device 21-403] Loading part xczu3eg-sbva484-1-i
INFO: [Synth 8-7079] Multithreading enabled for synth_design using a maximum of 2 processes.
INFO: [Synth 8-7078] Launching helper process for spawning children vivado processes
INFO: [Synth 8-7075] Helper process launched with PID 20616
---------------------------------------------------------------------------------
Starting RTL Elaboration : Time (s): cpu = 00:00:06 ; elapsed = 00:00:07 . Memory (MB): peak = 1929.172 ; gain = 172.809
---------------------------------------------------------------------------------
WARNING: [Synth 8-10507] attribute 'X_INTERFACE_MODE' is already specified; last one will take precedence [d:/Nilesh_3/Vivado/project_1/project_1.gen/sources_1/bd/design_1/ip/design_1_axis_switch_0_0/synth/design_1_axis_switch_0_0.v:105]
WARNING: [Synth 8-10507] attribute 'X_INTERFACE_PARAMETER' is already specified; last one will take precedence [d:/Nilesh_3/Vivado/project_1/project_1.gen/sources_1/bd/design_1/ip/design_1_axis_switch_0_0/synth/design_1_axis_switch_0_0.v:106]
WARNING: [Synth 8-10507] attribute 'X_INTERFACE_MODE' is already specified; last one will take precedence [d:/Nilesh_3/Vivado/project_1/project_1.gen/sources_1/bd/design_1/ip/design_1_axis_switch_0_0/synth/design_1_axis_switch_0_0.v:107]
WARNING: [Synth 8-10507] attribute 'X_INTERFACE_PARAMETER' is already specified; last one will take precedence [d:/Nilesh_3/Vivado/project_1/project_1.gen/sources_1/bd/design_1/ip/design_1_axis_switch_0_0/synth/design_1_axis_switch_0_0.v:108]
WARNING: [Synth 8-10507] attribute 'X_INTERFACE_MODE' is already specified; last one will take precedence [d:/Nilesh_3/Vivado/project_1/project_1.gen/sources_1/bd/design_1/ip/design_1_axis_switch_0_0/synth/design_1_axis_switch_0_0.v:109]
WARNING: [Synth 8-10507] attribute 'X_INTERFACE_PARAMETER' is already specified; last one will take precedence [d:/Nilesh_3/Vivado/project_1/project_1.gen/sources_1/bd/design_1/ip/design_1_axis_switch_0_0/synth/design_1_axis_switch_0_0.v:110]
INFO: [Synth 8-6157] synthesizing module 'design_1_axis_switch_0_0' [d:/Nilesh_3/Vivado/project_1/project_1.gen/sources_1/bd/design_1/ip/design_1_axis_switch_0_0/synth/design_1_axis_switch_0_0.v:53]
INFO: [Synth 8-6157] synthesizing module 'axis_switch_v1_1_33_axis_switch' [d:/Nilesh_3/Vivado/project_1/project_1.gen/sources_1/bd/design_1/ipshared/6857/hdl/axis_switch_v1_1_vl_rfs.v:3078]
INFO: [Synth 8-6157] synthesizing module 'axis_infrastructure_v1_1_1_util_axis2vector' [d:/Nilesh_3/Vivado/project_1/project_1.gen/sources_1/bd/design_1/ipshared/434f/hdl/axis_infrastructure_v1_1_vl_rfs.v:805]
INFO: [Synth 8-6155] done synthesizing module 'axis_infrastructure_v1_1_1_util_axis2vector' (0#1) [d:/Nilesh_3/Vivado/project_1/project_1.gen/sources_1/bd/design_1/ipshared/434f/hdl/axis_infrastructure_v1_1_vl_rfs.v:805]
INFO: [Synth 8-6157] synthesizing module 'axis_switch_v1_1_33_axisc_decoder' [d:/Nilesh_3/Vivado/project_1/project_1.gen/sources_1/bd/design_1/ipshared/6857/hdl/axis_switch_v1_1_vl_rfs.v:475]
INFO: [Synth 8-6157] synthesizing module 'axis_register_slice_v1_1_33_axisc_register_slice' [d:/Nilesh_3/Vivado/project_1/project_1.gen/sources_1/bd/design_1/ipshared/259d/hdl/axis_register_slice_v1_1_vl_rfs.v:1929]
INFO: [Synth 8-6155] done synthesizing module 'axis_register_slice_v1_1_33_axisc_register_slice' (0#1) [d:/Nilesh_3/Vivado/project_1/project_1.gen/sources_1/bd/design_1/ipshared/259d/hdl/axis_register_slice_v1_1_vl_rfs.v:1929]
INFO: [Synth 8-6157] synthesizing module 'axis_register_slice_v1_1_33_axisc_register_slice__parameterized0' [d:/Nilesh_3/Vivado/project_1/project_1.gen/sources_1/bd/design_1/ipshared/259d/hdl/axis_register_slice_v1_1_vl_rfs.v:1929]
INFO: [Synth 8-6155] done synthesizing module 'axis_register_slice_v1_1_33_axisc_register_slice__parameterized0' (0#1) [d:/Nilesh_3/Vivado/project_1/project_1.gen/sources_1/bd/design_1/ipshared/259d/hdl/axis_register_slice_v1_1_vl_rfs.v:1929]
INFO: [Synth 8-6157] synthesizing module 'axis_infrastructure_v1_1_1_util_vector2axis' [d:/Nilesh_3/Vivado/project_1/project_1.gen/sources_1/bd/design_1/ipshared/434f/hdl/axis_infrastructure_v1_1_vl_rfs.v:986]
INFO: [Synth 8-6155] done synthesizing module 'axis_infrastructure_v1_1_1_util_vector2axis' (0#1) [d:/Nilesh_3/Vivado/project_1/project_1.gen/sources_1/bd/design_1/ipshared/434f/hdl/axis_infrastructure_v1_1_vl_rfs.v:986]
INFO: [Synth 8-6155] done synthesizing module 'axis_switch_v1_1_33_axisc_decoder' (0#1) [d:/Nilesh_3/Vivado/project_1/project_1.gen/sources_1/bd/design_1/ipshared/6857/hdl/axis_switch_v1_1_vl_rfs.v:475]
INFO: [Synth 8-6157] synthesizing module 'axis_switch_v1_1_33_axisc_transfer_mux' [d:/Nilesh_3/Vivado/project_1/project_1.gen/sources_1/bd/design_1/ipshared/6857/hdl/axis_switch_v1_1_vl_rfs.v:814]
INFO: [Synth 8-6157] synthesizing module 'axis_switch_v1_1_33_axisc_arb_responder' [d:/Nilesh_3/Vivado/project_1/project_1.gen/sources_1/bd/design_1/ipshared/6857/hdl/axis_switch_v1_1_vl_rfs.v:1117]
INFO: [Synth 8-6155] done synthesizing module 'axis_switch_v1_1_33_axisc_arb_responder' (0#1) [d:/Nilesh_3/Vivado/project_1/project_1.gen/sources_1/bd/design_1/ipshared/6857/hdl/axis_switch_v1_1_vl_rfs.v:1117]
INFO: [Synth 8-6157] synthesizing module 'axis_infrastructure_v1_1_1_mux_enc' [d:/Nilesh_3/Vivado/project_1/project_1.gen/sources_1/bd/design_1/ipshared/434f/hdl/axis_infrastructure_v1_1_vl_rfs.v:64]
INFO: [Synth 8-6155] done synthesizing module 'axis_infrastructure_v1_1_1_mux_enc' (0#1) [d:/Nilesh_3/Vivado/project_1/project_1.gen/sources_1/bd/design_1/ipshared/434f/hdl/axis_infrastructure_v1_1_vl_rfs.v:64]
INFO: [Synth 8-6157] synthesizing module 'axis_infrastructure_v1_1_1_mux_enc__parameterized0' [d:/Nilesh_3/Vivado/project_1/project_1.gen/sources_1/bd/design_1/ipshared/434f/hdl/axis_infrastructure_v1_1_vl_rfs.v:64]
INFO: [Synth 8-6155] done synthesizing module 'axis_infrastructure_v1_1_1_mux_enc__parameterized0' (0#1) [d:/Nilesh_3/Vivado/project_1/project_1.gen/sources_1/bd/design_1/ipshared/434f/hdl/axis_infrastructure_v1_1_vl_rfs.v:64]
INFO: [Synth 8-6157] synthesizing module 'axis_register_slice_v1_1_33_axisc_register_slice__parameterized1' [d:/Nilesh_3/Vivado/project_1/project_1.gen/sources_1/bd/design_1/ipshared/259d/hdl/axis_register_slice_v1_1_vl_rfs.v:1929]
INFO: [Synth 8-6155] done synthesizing module 'axis_register_slice_v1_1_33_axisc_register_slice__parameterized1' (0#1) [d:/Nilesh_3/Vivado/project_1/project_1.gen/sources_1/bd/design_1/ipshared/259d/hdl/axis_register_slice_v1_1_vl_rfs.v:1929]
INFO: [Synth 8-6155] done synthesizing module 'axis_switch_v1_1_33_axisc_transfer_mux' (0#1) [d:/Nilesh_3/Vivado/project_1/project_1.gen/sources_1/bd/design_1/ipshared/6857/hdl/axis_switch_v1_1_vl_rfs.v:814]
INFO: [Synth 8-6155] done synthesizing module 'axis_switch_v1_1_33_axis_switch' (0#1) [d:/Nilesh_3/Vivado/project_1/project_1.gen/sources_1/bd/design_1/ipshared/6857/hdl/axis_switch_v1_1_vl_rfs.v:3078]
INFO: [Synth 8-6155] done synthesizing module 'design_1_axis_switch_0_0' (0#1) [d:/Nilesh_3/Vivado/project_1/project_1.gen/sources_1/bd/design_1/ip/design_1_axis_switch_0_0/synth/design_1_axis_switch_0_0.v:53]
INFO: [Synth 8-4490] FSM extraction disabled for register 'gen_AB_reg_slice.state_reg' through user attribute
INFO: [Synth 8-4490] FSM extraction disabled for register 'gen_AB_reg_slice.state_reg' through user attribute
WARNING: [Synth 8-7129] Port ACLK in module axis_register_slice_v1_1_33_axisc_register_slice__parameterized1 is either unconnected or has no load
WARNING: [Synth 8-7129] Port ACLK2X in module axis_register_slice_v1_1_33_axisc_register_slice__parameterized1 is either unconnected or has no load
WARNING: [Synth 8-7129] Port ARESET in module axis_register_slice_v1_1_33_axisc_register_slice__parameterized1 is either unconnected or has no load
WARNING: [Synth 8-7129] Port ACLKEN in module axis_register_slice_v1_1_33_axisc_register_slice__parameterized1 is either unconnected or has no load
WARNING: [Synth 8-7129] Port S[0] in module axis_infrastructure_v1_1_1_mux_enc__parameterized0 is either unconnected or has no load
WARNING: [Synth 8-7129] Port S[0] in module axis_infrastructure_v1_1_1_mux_enc is either unconnected or has no load
WARNING: [Synth 8-7129] Port AXIS_TLAST in module axis_switch_v1_1_33_axisc_arb_responder is either unconnected or has no load
WARNING: [Synth 8-7129] Port ARB_SEL[0] in module axis_switch_v1_1_33_axisc_transfer_mux is either unconnected or has no load
WARNING: [Synth 8-7129] Port mi_enable in module axis_switch_v1_1_33_axisc_transfer_mux is either unconnected or has no load
WARNING: [Synth 8-7129] Port mi_mux[3] in module axis_switch_v1_1_33_axisc_transfer_mux is either unconnected or has no load
WARNING: [Synth 8-7129] Port mi_mux[2] in module axis_switch_v1_1_33_axisc_transfer_mux is either unconnected or has no load
WARNING: [Synth 8-7129] Port mi_mux[1] in module axis_switch_v1_1_33_axisc_transfer_mux is either unconnected or has no load
WARNING: [Synth 8-7129] Port mi_mux[0] in module axis_switch_v1_1_33_axisc_transfer_mux is either unconnected or has no load
WARNING: [Synth 8-7129] Port ACLK2X in module axis_register_slice_v1_1_33_axisc_register_slice__parameterized0 is either unconnected or has no load
WARNING: [Synth 8-7129] Port ACLK2X in module axis_register_slice_v1_1_33_axisc_register_slice is either unconnected or has no load
WARNING: [Synth 8-7129] Port si_mux[3] in module axis_switch_v1_1_33_axisc_decoder is either unconnected or has no load
WARNING: [Synth 8-7129] Port si_mux[2] in module axis_switch_v1_1_33_axisc_decoder is either unconnected or has no load
WARNING: [Synth 8-7129] Port si_mux[1] in module axis_switch_v1_1_33_axisc_decoder is either unconnected or has no load
WARNING: [Synth 8-7129] Port si_mux[0] in module axis_switch_v1_1_33_axisc_decoder is either unconnected or has no load
WARNING: [Synth 8-7129] Port si_enable[0] in module axis_switch_v1_1_33_axisc_decoder is either unconnected or has no load
WARNING: [Synth 8-7129] Port TID[0] in module axis_infrastructure_v1_1_1_util_axis2vector is either unconnected or has no load
WARNING: [Synth 8-7129] Port TUSER[0] in module axis_infrastructure_v1_1_1_util_axis2vector is either unconnected or has no load
WARNING: [Synth 8-7129] Port arb_gnt[3] in module axis_switch_v1_1_33_axis_switch is either unconnected or has no load
WARNING: [Synth 8-7129] Port arb_gnt[2] in module axis_switch_v1_1_33_axis_switch is either unconnected or has no load
WARNING: [Synth 8-7129] Port arb_gnt[1] in module axis_switch_v1_1_33_axis_switch is either unconnected or has no load
WARNING: [Synth 8-7129] Port arb_gnt[0] in module axis_switch_v1_1_33_axis_switch is either unconnected or has no load
WARNING: [Synth 8-7129] Port arb_sel[3] in module axis_switch_v1_1_33_axis_switch is either unconnected or has no load
WARNING: [Synth 8-7129] Port arb_sel[2] in module axis_switch_v1_1_33_axis_switch is either unconnected or has no load
WARNING: [Synth 8-7129] Port arb_sel[1] in module axis_switch_v1_1_33_axis_switch is either unconnected or has no load
WARNING: [Synth 8-7129] Port arb_sel[0] in module axis_switch_v1_1_33_axis_switch is either unconnected or has no load
WARNING: [Synth 8-7129] Port s_axi_ctrl_aclk in module axis_switch_v1_1_33_axis_switch is either unconnected or has no load
WARNING: [Synth 8-7129] Port s_axi_ctrl_aresetn in module axis_switch_v1_1_33_axis_switch is either unconnected or has no load
WARNING: [Synth 8-7129] Port s_axi_ctrl_awvalid in module axis_switch_v1_1_33_axis_switch is either unconnected or has no load
WARNING: [Synth 8-7129] Port s_axi_ctrl_awaddr[6] in module axis_switch_v1_1_33_axis_switch is either unconnected or has no load
WARNING: [Synth 8-7129] Port s_axi_ctrl_awaddr[5] in module axis_switch_v1_1_33_axis_switch is either unconnected or has no load
WARNING: [Synth 8-7129] Port s_axi_ctrl_awaddr[4] in module axis_switch_v1_1_33_axis_switch is either unconnected or has no load
WARNING: [Synth 8-7129] Port s_axi_ctrl_awaddr[3] in module axis_switch_v1_1_33_axis_switch is either unconnected or has no load
WARNING: [Synth 8-7129] Port s_axi_ctrl_awaddr[2] in module axis_switch_v1_1_33_axis_switch is either unconnected or has no load
WARNING: [Synth 8-7129] Port s_axi_ctrl_awaddr[1] in module axis_switch_v1_1_33_axis_switch is either unconnected or has no load
WARNING: [Synth 8-7129] Port s_axi_ctrl_awaddr[0] in module axis_switch_v1_1_33_axis_switch is either unconnected or has no load
WARNING: [Synth 8-7129] Port s_axi_ctrl_wvalid in module axis_switch_v1_1_33_axis_switch is either unconnected or has no load
WARNING: [Synth 8-7129] Port s_axi_ctrl_wdata[31] in module axis_switch_v1_1_33_axis_switch is either unconnected or has no load
WARNING: [Synth 8-7129] Port s_axi_ctrl_wdata[30] in module axis_switch_v1_1_33_axis_switch is either unconnected or has no load
WARNING: [Synth 8-7129] Port s_axi_ctrl_wdata[29] in module axis_switch_v1_1_33_axis_switch is either unconnected or has no load
WARNING: [Synth 8-7129] Port s_axi_ctrl_wdata[28] in module axis_switch_v1_1_33_axis_switch is either unconnected or has no load
WARNING: [Synth 8-7129] Port s_axi_ctrl_wdata[27] in module axis_switch_v1_1_33_axis_switch is either unconnected or has no load
WARNING: [Synth 8-7129] Port s_axi_ctrl_wdata[26] in module axis_switch_v1_1_33_axis_switch is either unconnected or has no load
WARNING: [Synth 8-7129] Port s_axi_ctrl_wdata[25] in module axis_switch_v1_1_33_axis_switch is either unconnected or has no load
WARNING: [Synth 8-7129] Port s_axi_ctrl_wdata[24] in module axis_switch_v1_1_33_axis_switch is either unconnected or has no load
WARNING: [Synth 8-7129] Port s_axi_ctrl_wdata[23] in module axis_switch_v1_1_33_axis_switch is either unconnected or has no load
WARNING: [Synth 8-7129] Port s_axi_ctrl_wdata[22] in module axis_switch_v1_1_33_axis_switch is either unconnected or has no load
WARNING: [Synth 8-7129] Port s_axi_ctrl_wdata[21] in module axis_switch_v1_1_33_axis_switch is either unconnected or has no load
WARNING: [Synth 8-7129] Port s_axi_ctrl_wdata[20] in module axis_switch_v1_1_33_axis_switch is either unconnected or has no load
WARNING: [Synth 8-7129] Port s_axi_ctrl_wdata[19] in module axis_switch_v1_1_33_axis_switch is either unconnected or has no load
WARNING: [Synth 8-7129] Port s_axi_ctrl_wdata[18] in module axis_switch_v1_1_33_axis_switch is either unconnected or has no load
WARNING: [Synth 8-7129] Port s_axi_ctrl_wdata[17] in module axis_switch_v1_1_33_axis_switch is either unconnected or has no load
WARNING: [Synth 8-7129] Port s_axi_ctrl_wdata[16] in module axis_switch_v1_1_33_axis_switch is either unconnected or has no load
WARNING: [Synth 8-7129] Port s_axi_ctrl_wdata[15] in module axis_switch_v1_1_33_axis_switch is either unconnected or has no load
WARNING: [Synth 8-7129] Port s_axi_ctrl_wdata[14] in module axis_switch_v1_1_33_axis_switch is either unconnected or has no load
WARNING: [Synth 8-7129] Port s_axi_ctrl_wdata[13] in module axis_switch_v1_1_33_axis_switch is either unconnected or has no load
WARNING: [Synth 8-7129] Port s_axi_ctrl_wdata[12] in module axis_switch_v1_1_33_axis_switch is either unconnected or has no load
WARNING: [Synth 8-7129] Port s_axi_ctrl_wdata[11] in module axis_switch_v1_1_33_axis_switch is either unconnected or has no load
WARNING: [Synth 8-7129] Port s_axi_ctrl_wdata[10] in module axis_switch_v1_1_33_axis_switch is either unconnected or has no load
WARNING: [Synth 8-7129] Port s_axi_ctrl_wdata[9] in module axis_switch_v1_1_33_axis_switch is either unconnected or has no load
WARNING: [Synth 8-7129] Port s_axi_ctrl_wdata[8] in module axis_switch_v1_1_33_axis_switch is either unconnected or has no load
WARNING: [Synth 8-7129] Port s_axi_ctrl_wdata[7] in module axis_switch_v1_1_33_axis_switch is either unconnected or has no load
WARNING: [Synth 8-7129] Port s_axi_ctrl_wdata[6] in module axis_switch_v1_1_33_axis_switch is either unconnected or has no load
WARNING: [Synth 8-7129] Port s_axi_ctrl_wdata[5] in module axis_switch_v1_1_33_axis_switch is either unconnected or has no load
WARNING: [Synth 8-7129] Port s_axi_ctrl_wdata[4] in module axis_switch_v1_1_33_axis_switch is either unconnected or has no load
WARNING: [Synth 8-7129] Port s_axi_ctrl_wdata[3] in module axis_switch_v1_1_33_axis_switch is either unconnected or has no load
WARNING: [Synth 8-7129] Port s_axi_ctrl_wdata[2] in module axis_switch_v1_1_33_axis_switch is either unconnected or has no load
WARNING: [Synth 8-7129] Port s_axi_ctrl_wdata[1] in module axis_switch_v1_1_33_axis_switch is either unconnected or has no load
WARNING: [Synth 8-7129] Port s_axi_ctrl_wdata[0] in module axis_switch_v1_1_33_axis_switch is either unconnected or has no load
WARNING: [Synth 8-7129] Port s_axi_ctrl_bready in module axis_switch_v1_1_33_axis_switch is either unconnected or has no load
WARNING: [Synth 8-7129] Port s_axi_ctrl_arvalid in module axis_switch_v1_1_33_axis_switch is either unconnected or has no load
WARNING: [Synth 8-7129] Port s_axi_ctrl_araddr[6] in module axis_switch_v1_1_33_axis_switch is either unconnected or has no load
WARNING: [Synth 8-7129] Port s_axi_ctrl_araddr[5] in module axis_switch_v1_1_33_axis_switch is either unconnected or has no load
WARNING: [Synth 8-7129] Port s_axi_ctrl_araddr[4] in module axis_switch_v1_1_33_axis_switch is either unconnected or has no load
WARNING: [Synth 8-7129] Port s_axi_ctrl_araddr[3] in module axis_switch_v1_1_33_axis_switch is either unconnected or has no load
WARNING: [Synth 8-7129] Port s_axi_ctrl_araddr[2] in module axis_switch_v1_1_33_axis_switch is either unconnected or has no load
WARNING: [Synth 8-7129] Port s_axi_ctrl_araddr[1] in module axis_switch_v1_1_33_axis_switch is either unconnected or has no load
WARNING: [Synth 8-7129] Port s_axi_ctrl_araddr[0] in module axis_switch_v1_1_33_axis_switch is either unconnected or has no load
WARNING: [Synth 8-7129] Port s_axi_ctrl_rready in module axis_switch_v1_1_33_axis_switch is either unconnected or has no load
---------------------------------------------------------------------------------
Finished RTL Elaboration : Time (s): cpu = 00:00:08 ; elapsed = 00:00:09 . Memory (MB): peak = 2045.602 ; gain = 289.238
---------------------------------------------------------------------------------
---------------------------------------------------------------------------------
Start Handling Custom Attributes
---------------------------------------------------------------------------------
---------------------------------------------------------------------------------
Finished Handling Custom Attributes : Time (s): cpu = 00:00:08 ; elapsed = 00:00:09 . Memory (MB): peak = 2045.602 ; gain = 289.238
---------------------------------------------------------------------------------
---------------------------------------------------------------------------------
Finished RTL Optimization Phase 1 : Time (s): cpu = 00:00:08 ; elapsed = 00:00:09 . Memory (MB): peak = 2045.602 ; gain = 289.238
---------------------------------------------------------------------------------
Netlist sorting complete. Time (s): cpu = 00:00:00 ; elapsed = 00:00:00.043 . Memory (MB): peak = 2045.602 ; gain = 0.000
INFO: [Project 1-570] Preparing netlist for logic optimization

Processing XDC Constraints
Initializing timing engine
Parsing XDC File [d:/Nilesh_3/Vivado/project_1/project_1.gen/sources_1/bd/design_1/ip/design_1_axis_switch_0_0/design_1_axis_switch_0_0_ooc.xdc] for cell 'inst'
create_clock: Time (s): cpu = 00:00:06 ; elapsed = 00:00:06 . Memory (MB): peak = 2120.988 ; gain = 0.121
Finished Parsing XDC File [d:/Nilesh_3/Vivado/project_1/project_1.gen/sources_1/bd/design_1/ip/design_1_axis_switch_0_0/design_1_axis_switch_0_0_ooc.xdc] for cell 'inst'
Parsing XDC File [D:/Nilesh_3/Vivado/project_1/project_1.runs/design_1_axis_switch_0_0_synth_1/dont_touch.xdc]
Finished Parsing XDC File [D:/Nilesh_3/Vivado/project_1/project_1.runs/design_1_axis_switch_0_0_synth_1/dont_touch.xdc]
Completed Processing XDC Constraints

Netlist sorting complete. Time (s): cpu = 00:00:00 ; elapsed = 00:00:00.001 . Memory (MB): peak = 2120.988 ; gain = 0.000
INFO: [Project 1-111] Unisim Transformation Summary:
No Unisim elements were transformed.

Constraint Validation Runtime : Time (s): cpu = 00:00:00 ; elapsed = 00:00:00.104 . Memory (MB): peak = 2120.988 ; gain = 0.000
INFO: [Designutils 20-5008] Incremental synthesis strategy off
---------------------------------------------------------------------------------
Finished Constraint Validation : Time (s): cpu = 00:00:22 ; elapsed = 00:00:24 . Memory (MB): peak = 2120.988 ; gain = 364.625
---------------------------------------------------------------------------------
---------------------------------------------------------------------------------
Start Loading Part and Timing Information
---------------------------------------------------------------------------------
Loading part: xczu3eg-sbva484-1-i
INFO: [Synth 8-6742] Reading net delay rules and data
---------------------------------------------------------------------------------
Finished Loading Part and Timing Information : Time (s): cpu = 00:00:22 ; elapsed = 00:00:24 . Memory (MB): peak = 2120.988 ; gain = 364.625
---------------------------------------------------------------------------------
---------------------------------------------------------------------------------
Start Applying 'set_property' XDC Constraints
---------------------------------------------------------------------------------
Applied set_property KEEP_HIERARCHY = SOFT for inst. (constraint file  D:/Nilesh_3/Vivado/project_1/project_1.runs/design_1_axis_switch_0_0_synth_1/dont_touch.xdc, line 9).
---------------------------------------------------------------------------------
Finished applying 'set_property' XDC Constraints : Time (s): cpu = 00:00:22 ; elapsed = 00:00:24 . Memory (MB): peak = 2120.988 ; gain = 364.625
---------------------------------------------------------------------------------
INFO: [Synth 8-4490] FSM extraction disabled for register 'gen_AB_reg_slice.state_reg' through user attribute
INFO: [Synth 8-4490] FSM extraction disabled for register 'gen_AB_reg_slice.state_reg' through user attribute
INFO: [Synth 8-4490] FSM extraction disabled for register 'gen_AB_reg_slice.state_reg' through user attribute
INFO: [Synth 8-4490] FSM extraction disabled for register 'gen_AB_reg_slice.state_reg' through user attribute
---------------------------------------------------------------------------------
Finished RTL Optimization Phase 2 : Time (s): cpu = 00:00:22 ; elapsed = 00:00:24 . Memory (MB): peak = 2120.988 ; gain = 364.625
---------------------------------------------------------------------------------
---------------------------------------------------------------------------------
Start RTL Component Statistics 
---------------------------------------------------------------------------------
Detailed RTL Component Info : 
+---Registers : 
	               83 Bit    Registers := 2     
	                4 Bit    Registers := 3     
	                2 Bit    Registers := 2     
	                1 Bit    Registers := 10    
+---Muxes : 
	   2 Input   83 Bit        Muxes := 1     
	   2 Input    4 Bit        Muxes := 1     
	   5 Input    2 Bit        Muxes := 2     
	   2 Input    1 Bit        Muxes := 6     
	   4 Input    1 Bit        Muxes := 2     
---------------------------------------------------------------------------------
Finished RTL Component Statistics 
---------------------------------------------------------------------------------
---------------------------------------------------------------------------------
Start Part Resource Summary
---------------------------------------------------------------------------------
Part Resources:
DSPs: 360 (col length:72)
BRAMs: 432 (col length: RAMB18 72 RAMB36 36)
---------------------------------------------------------------------------------
Finished Part Resource Summary
---------------------------------------------------------------------------------
---------------------------------------------------------------------------------
Start Cross Boundary and Area Optimization
---------------------------------------------------------------------------------
WARNING: [Synth 8-7080] Parallel synthesis criteria is not met
WARNING: [Synth 8-7129] Port s_axis_tid[0] in module axis_switch_v1_1_33_axis_switch is either unconnected or has no load
WARNING: [Synth 8-7129] Port s_axis_tuser[0] in module axis_switch_v1_1_33_axis_switch is either unconnected or has no load
WARNING: [Synth 8-7129] Port arb_gnt[3] in module axis_switch_v1_1_33_axis_switch is either unconnected or has no load
WARNING: [Synth 8-7129] Port arb_gnt[2] in module axis_switch_v1_1_33_axis_switch is either unconnected or has no load
WARNING: [Synth 8-7129] Port arb_gnt[1] in module axis_switch_v1_1_33_axis_switch is either unconnected or has no load
WARNING: [Synth 8-7129] Port arb_gnt[0] in module axis_switch_v1_1_33_axis_switch is either unconnected or has no load
WARNING: [Synth 8-7129] Port arb_sel[3] in module axis_switch_v1_1_33_axis_switch is either unconnected or has no load
WARNING: [Synth 8-7129] Port arb_sel[2] in module axis_switch_v1_1_33_axis_switch is either unconnected or has no load
WARNING: [Synth 8-7129] Port arb_sel[1] in module axis_switch_v1_1_33_axis_switch is either unconnected or has no load
WARNING: [Synth 8-7129] Port arb_sel[0] in module axis_switch_v1_1_33_axis_switch is either unconnected or has no load
WARNING: [Synth 8-7129] Port s_axi_ctrl_aclk in module axis_switch_v1_1_33_axis_switch is either unconnected or has no load
WARNING: [Synth 8-7129] Port s_axi_ctrl_aresetn in module axis_switch_v1_1_33_axis_switch is either unconnected or has no load
WARNING: [Synth 8-7129] Port s_axi_ctrl_awvalid in module axis_switch_v1_1_33_axis_switch is either unconnected or has no load
WARNING: [Synth 8-7129] Port s_axi_ctrl_awaddr[6] in module axis_switch_v1_1_33_axis_switch is either unconnected or has no load
WARNING: [Synth 8-7129] Port s_axi_ctrl_awaddr[5] in module axis_switch_v1_1_33_axis_switch is either unconnected or has no load
WARNING: [Synth 8-7129] Port s_axi_ctrl_awaddr[4] in module axis_switch_v1_1_33_axis_switch is either unconnected or has no load
WARNING: [Synth 8-7129] Port s_axi_ctrl_awaddr[3] in module axis_switch_v1_1_33_axis_switch is either unconnected or has no load
INFO: [Common 17-14] Message 'Synth 8-7129' appears 100 times and further instances of the messages will be disabled. Use the Tcl command set_msg_config to change the current settings.
---------------------------------------------------------------------------------
Finished Cross Boundary and Area Optimization : Time (s): cpu = 00:00:24 ; elapsed = 00:00:26 . Memory (MB): peak = 2120.988 ; gain = 364.625
---------------------------------------------------------------------------------
---------------------------------------------------------------------------------
Start Applying XDC Timing Constraints
---------------------------------------------------------------------------------
---------------------------------------------------------------------------------
Finished Applying XDC Timing Constraints : Time (s): cpu = 00:00:36 ; elapsed = 00:00:39 . Memory (MB): peak = 2761.867 ; gain = 1005.504
---------------------------------------------------------------------------------
---------------------------------------------------------------------------------
Start Timing Optimization
---------------------------------------------------------------------------------
---------------------------------------------------------------------------------
Finished Timing Optimization : Time (s): cpu = 00:00:36 ; elapsed = 00:00:39 . Memory (MB): peak = 2782.723 ; gain = 1026.359
---------------------------------------------------------------------------------
---------------------------------------------------------------------------------
Start Technology Mapping
---------------------------------------------------------------------------------
---------------------------------------------------------------------------------
Finished Technology Mapping : Time (s): cpu = 00:00:36 ; elapsed = 00:00:40 . Memory (MB): peak = 2783.238 ; gain = 1026.875
---------------------------------------------------------------------------------
---------------------------------------------------------------------------------
Start IO Insertion
---------------------------------------------------------------------------------
---------------------------------------------------------------------------------
Start Flattening Before IO Insertion
---------------------------------------------------------------------------------
---------------------------------------------------------------------------------
Finished Flattening Before IO Insertion
---------------------------------------------------------------------------------
---------------------------------------------------------------------------------
Start Final Netlist Cleanup
---------------------------------------------------------------------------------
---------------------------------------------------------------------------------
Finished Final Netlist Cleanup
---------------------------------------------------------------------------------
---------------------------------------------------------------------------------
Finished IO Insertion : Time (s): cpu = 00:00:40 ; elapsed = 00:00:44 . Memory (MB): peak = 2989.148 ; gain = 1232.785
---------------------------------------------------------------------------------
---------------------------------------------------------------------------------
Start Renaming Generated Instances
---------------------------------------------------------------------------------
---------------------------------------------------------------------------------
Finished Renaming Generated Instances : Time (s): cpu = 00:00:40 ; elapsed = 00:00:44 . Memory (MB): peak = 2989.148 ; gain = 1232.785
---------------------------------------------------------------------------------
---------------------------------------------------------------------------------
Start Rebuilding User Hierarchy
---------------------------------------------------------------------------------
---------------------------------------------------------------------------------
Finished Rebuilding User Hierarchy : Time (s): cpu = 00:00:40 ; elapsed = 00:00:44 . Memory (MB): peak = 2989.148 ; gain = 1232.785
---------------------------------------------------------------------------------
---------------------------------------------------------------------------------
Start Renaming Generated Ports
---------------------------------------------------------------------------------
---------------------------------------------------------------------------------
Finished Renaming Generated Ports : Time (s): cpu = 00:00:40 ; elapsed = 00:00:44 . Memory (MB): peak = 2989.148 ; gain = 1232.785
---------------------------------------------------------------------------------
---------------------------------------------------------------------------------
Start Handling Custom Attributes
---------------------------------------------------------------------------------
---------------------------------------------------------------------------------
Finished Handling Custom Attributes : Time (s): cpu = 00:00:40 ; elapsed = 00:00:44 . Memory (MB): peak = 2989.148 ; gain = 1232.785
---------------------------------------------------------------------------------
---------------------------------------------------------------------------------
Start Renaming Generated Nets
---------------------------------------------------------------------------------
---------------------------------------------------------------------------------
Finished Renaming Generated Nets : Time (s): cpu = 00:00:40 ; elapsed = 00:00:44 . Memory (MB): peak = 2989.148 ; gain = 1232.785
---------------------------------------------------------------------------------
---------------------------------------------------------------------------------
Start Writing Synthesis Report
---------------------------------------------------------------------------------

Report BlackBoxes: 
+-+--------------+----------+
| |BlackBox name |Instances |
+-+--------------+----------+
+-+--------------+----------+

Report Cell Usage: 
+------+-----+------+
|      |Cell |Count |
+------+-----+------+
|1     |LUT1 |     1|
|2     |LUT3 |    95|
|3     |LUT4 |     8|
|4     |LUT5 |     1|
|5     |LUT6 |     3|
|6     |FDRE |   184|
+------+-----+------+
---------------------------------------------------------------------------------
Finished Writing Synthesis Report : Time (s): cpu = 00:00:40 ; elapsed = 00:00:44 . Memory (MB): peak = 2989.148 ; gain = 1232.785
---------------------------------------------------------------------------------
Synthesis finished with 0 errors, 0 critical warnings and 64 warnings.
Synthesis Optimization Runtime : Time (s): cpu = 00:00:25 ; elapsed = 00:00:38 . Memory (MB): peak = 2989.148 ; gain = 1157.398
Synthesis Optimization Complete : Time (s): cpu = 00:00:41 ; elapsed = 00:00:46 . Memory (MB): peak = 2989.148 ; gain = 1232.785
INFO: [Project 1-571] Translating synthesized netlist
Netlist sorting complete. Time (s): cpu = 00:00:00 ; elapsed = 00:00:00.010 . Memory (MB): peak = 2989.148 ; gain = 0.000
INFO: [Project 1-570] Preparing netlist for logic optimization
INFO: [Opt 31-138] Pushed 0 inverter(s) to 0 load pin(s).
Netlist sorting complete. Time (s): cpu = 00:00:00 ; elapsed = 00:00:00 . Memory (MB): peak = 2989.148 ; gain = 0.000
INFO: [Project 1-111] Unisim Transformation Summary:
No Unisim elements were transformed.

Synth Design complete | Checksum: f874438d
INFO: [Common 17-83] Releasing license: Synthesis
49 Infos, 107 Warnings, 0 Critical Warnings and 0 Errors encountered.
synth_design completed successfully
synth_design: Time (s): cpu = 00:00:49 ; elapsed = 00:01:02 . Memory (MB): peak = 2989.148 ; gain = 2147.250
Write ShapeDB Complete: Time (s): cpu = 00:00:00 ; elapsed = 00:00:00.008 . Memory (MB): peak = 2989.148 ; gain = 0.000
INFO: [Common 17-1381] The checkpoint 'D:/Nilesh_3/Vivado/project_1/project_1.runs/design_1_axis_switch_0_0_synth_1/design_1_axis_switch_0_0.dcp' has been generated.
INFO: [Coretcl 2-1648] Added synthesis output to IP cache for IP design_1_axis_switch_0_0, cache-ID = ef3f072f16b94e12
INFO: [Coretcl 2-1174] Renamed 4 cell refs.
Write ShapeDB Complete: Time (s): cpu = 00:00:00 ; elapsed = 00:00:00.001 . Memory (MB): peak = 2989.148 ; gain = 0.000
INFO: [Common 17-1381] The checkpoint 'D:/Nilesh_3/Vivado/project_1/project_1.runs/design_1_axis_switch_0_0_synth_1/design_1_axis_switch_0_0.dcp' has been generated.
INFO: [Vivado 12-24828] Executing command : report_utilization -file design_1_axis_switch_0_0_utilization_synth.rpt -pb design_1_axis_switch_0_0_utilization_synth.pb
INFO: [Common 17-206] Exiting Vivado at Wed Jun 10 15:58:38 2026...
