06/10/26 15:14:05: Running xcd server. This server was built by gradle.
06/10/26 15:14:05: Server was asked to start on port: '62063'
06/10/26 15:14:05: Server is using token UUID: 'eb1b9c10-64b0-11f1-b826-246a0efdbd91'
06/10/26 15:14:05: SESSION_MGR: creating session with session uuid: '6d04a3e9-ade5-4ab9-8d63-1f78fcd2ec76' and name 'default'
06/10/26 15:14:05: Attempting to start server on port '62063'
06/10/26 15:14:05: Running Dispatch Server
06/10/26 15:14:05: Version 2.2.0
06/10/26 15:14:06: Dispatch Server: Accepted socket connection from client
06/10/26 15:14:06: Starting Socket connection
06/10/26 15:14:06: EXCHANGE_TOKEN received, server token: eb1b9c10-64b0-11f1-b826-246a0efdbd91, passed token: eb1b9c10-64b0-11f1-b826-246a0efdbd91
06/10/26 15:14:06: SESSION_MGR: creating session with session uuid: 'cc83d9c2-9f10-48ef-abde-316df557edd5' and name 'Code Analyzer'
06/10/26 15:14:06: KERNEL_SVC: creating session with uuid: 'cc83d9c2-9f10-48ef-abde-316df557edd5' and name 'Code Analyzer'
06/10/26 15:14:06: GUIDANCE_SMGR: creating guidance session with uuid: 'cc83d9c2-9f10-48ef-abde-316df557edd5' and name 'Code Analyzer'
06/10/26 15:14:22: SESSION_MGR: closing session for UUID 'cc83d9c2-9f10-48ef-abde-316df557edd5' with name ''
06/10/26 15:14:22: KERNEL_SVC: closing session for UUID 'cc83d9c2-9f10-48ef-abde-316df557edd5' with name ''
06/10/26 15:14:22: GUIDANCE_SMGR: closing session for UUID 'cc83d9c2-9f10-48ef-abde-316df557edd5' with name ''
06/10/26 15:14:22: STOP_SERVER received, server token: eb1b9c10-64b0-11f1-b826-246a0efdbd91, passed token: eb1b9c10-64b0-11f1-b826-246a0efdbd91
06/10/26 15:14:22: Socket received request to stop server.
06/10/26 15:14:22: Dispatch Server: do_await_stop
06/10/26 15:14:22: SERVER: destructor for server bound to port 62063
06/10/26 15:14:22: Server exiting with status 0.
06/10/26 15:14:22: Closing log file.
